0 info it worked if it ends with ok
1 verbose cli [ '/Users/claudemendelson/.nvm/versions/node/v4.2.6/bin/node',
1 verbose cli   '/Users/claudemendelson/.nvm/versions/node/v4.2.6/bin/npm',
1 verbose cli   'instal' ]
2 info using npm@2.14.12
3 info using node@v4.2.6
4 verbose readDependencies loading dependencies from /Users/claudemendelson/Code/api-stub/package.json
5 error install Couldn't read dependencies
6 verbose stack Error: ENOENT: no such file or directory, open '/Users/claudemendelson/Code/api-stub/package.json'
6 verbose stack     at Error (native)
7 verbose cwd /Users/claudemendelson/Code/api-stub
8 error Darwin 16.7.0
9 error argv "/Users/claudemendelson/.nvm/versions/node/v4.2.6/bin/node" "/Users/claudemendelson/.nvm/versions/node/v4.2.6/bin/npm" "instal"
10 error node v4.2.6
11 error npm  v2.14.12
12 error path /Users/claudemendelson/Code/api-stub/package.json
13 error code ENOPACKAGEJSON
14 error errno -2
15 error syscall open
16 error package.json ENOENT: no such file or directory, open '/Users/claudemendelson/Code/api-stub/package.json'
16 error package.json This is most likely not a problem with npm itself.
16 error package.json npm can't find a package.json file in your current directory.
17 verbose exit [ -2, true ]
